# JRE version: Java(TM) SE Runtime Environment (8.0_211-b12) (build 1.8.0_211-b12)
# Java VM: Java HotSpot(TM) 64-Bit Server VM (25.211-b12 mixed mode windows-amd64 compressed oops)
Heap:
 PSYoungGen      total 38400K, used 1198K [0x00000000d5f80000, 0x00000000d8a00000, 0x0000000100000000)
  eden space 33280K, 0% used [0x00000000d5f80000,0x00000000d5f80000,0x00000000d8000000)
  from space 5120K, 23% used [0x00000000d8500000,0x00000000d862b958,0x00000000d8a00000)
  to   space 5120K, 0% used [0x00000000d8000000,0x00000000d8000000,0x00000000d8500000)
 ParOldGen       total 61440K, used 9059K [0x0000000081e00000, 0x0000000085a00000, 0x00000000d5f80000)
  object space 61440K, 14% used [0x0000000081e00000,0x00000000826d8e88,0x0000000085a00000)
 Metaspace       used 21805K, capacity 22078K, committed 22272K, reserved 1077248K
  class space    used 2681K, capacity 2785K, committed 2816K, reserved 1048576K
GC Heap History (10 events):
Event: 0.171 GC heap before
{Heap before GC invocations=1 (full 0):
 PSYoungGen      total 38400K, used 5616K [0x00000000d5f80000, 0x00000000d8a00000, 0x0000000100000000)
  eden space 33280K, 16% used [0x00000000d5f80000,0x00000000d64fc3d0,0x00000000d8000000)
  from space 5120K, 0% used [0x00000000d8500000,0x00000000d8500000,0x00000000d8a00000)
  to   space 5120K, 0% used [0x00000000d8000000,0x00000000d8000000,0x00000000d8500000)
 ParOldGen       total 87552K, used 0K [0x0000000081e00000, 0x0000000087380000, 0x00000000d5f80000)
  object space 87552K, 0% used [0x0000000081e00000,0x0000000081e00000,0x0000000087380000)
 Metaspace       used 4310K, capacity 5560K, committed 5632K, reserved 1062912K
  class space    used 448K, capacity 488K, committed 512K, reserved 1048576K
Event: 0.172 GC heap after
Heap after GC invocations=1 (full 0):
 PSYoungGen      total 38400K, used 1133K [0x00000000d5f80000, 0x00000000d8a00000, 0x0000000100000000)
  eden space 33280K, 0% used [0x00000000d5f80000,0x00000000d5f80000,0x00000000d8000000)
  from space 5120K, 22% used [0x00000000d8000000,0x00000000d811b758,0x00000000d8500000)
  to   space 5120K, 0% used [0x00000000d8500000,0x00000000d8500000,0x00000000d8a00000)
 ParOldGen       total 87552K, used 8K [0x0000000081e00000, 0x0000000087380000, 0x00000000d5f80000)
  object space 87552K, 0% used [0x0000000081e00000,0x0000000081e02000,0x0000000087380000)
 Metaspace       used 4310K, capacity 5560K, committed 5632K, reserved 1062912K
  class space    used 448K, capacity 488K, committed 512K, reserved 1048576K
}
Event: 0.172 GC heap before
{Heap before GC invocations=2 (full 1):
 PSYoungGen      total 38400K, used 1133K [0x00000000d5f80000, 0x00000000d8a00000, 0x0000000100000000)
  eden space 33280K, 0% used [0x00000000d5f80000,0x00000000d5f80000,0x00000000d8000000)
  from space 5120K, 22% used [0x00000000d8000000,0x00000000d811b758,0x00000000d8500000)
  to   space 5120K, 0% used [0x00000000d8500000,0x00000000d8500000,0x00000000d8a00000)
 ParOldGen       total 87552K, used 8K [0x0000000081e00000, 0x0000000087380000, 0x00000000d5f80000)
  object space 87552K, 0% used [0x0000000081e00000,0x0000000081e02000,0x0000000087380000)
 Metaspace       used 4310K, capacity 5560K, committed 5632K, reserved 1062912K
  class space    used 448K, capacity 488K, committed 512K, reserved 1048576K
Event: 0.177 GC heap after
Heap after GC invocations=2 (full 1):
 PSYoungGen      total 38400K, used 0K [0x00000000d5f80000, 0x00000000d8a00000, 0x0000000100000000)
  eden space 33280K, 0% used [0x00000000d5f80000,0x00000000d5f80000,0x00000000d8000000)
  from space 5120K, 0% used [0x00000000d8000000,0x00000000d8000000,0x00000000d8500000)
  to   space 5120K, 0% used [0x00000000d8500000,0x00000000d8500000,0x00000000d8a00000)
 ParOldGen       total 61440K, used 1041K [0x0000000081e00000, 0x0000000085a00000, 0x00000000d5f80000)
  object space 61440K, 1% used [0x0000000081e00000,0x0000000081f04670,0x0000000085a00000)
 Metaspace       used 4310K, capacity 5560K, committed 5632K, reserved 1060864K
  class space    used 448K, capacity 488K, committed 512K, reserved 1048576K
}
Event: 0.798 GC heap before
{Heap before GC invocations=3 (full 1):
 PSYoungGen      total 38400K, used 33280K [0x00000000d5f80000, 0x00000000d8a00000, 0x0000000100000000)
  eden space 33280K, 100% used [0x00000000d5f80000,0x00000000d8000000,0x00000000d8000000)
  from space 5120K, 0% used [0x00000000d8000000,0x00000000d8000000,0x00000000d8500000)
  to   space 5120K, 0% used [0x00000000d8500000,0x00000000d8500000,0x00000000d8a00000)
 ParOldGen       total 61440K, used 1041K [0x0000000081e00000, 0x0000000085a00000, 0x00000000d5f80000)
  object space 61440K, 1% used [0x0000000081e00000,0x0000000081f04670,0x0000000085a00000)
 Metaspace       used 17070K, capacity 17298K, committed 17664K, reserved 1069056K
  class space    used 2077K, capacity 2201K, committed 2304K, reserved 1048576K
Event: 0.805 GC heap after
Heap after GC invocations=3 (full 1):
 PSYoungGen      total 38400K, used 5113K [0x00000000d5f80000, 0x00000000d8a00000, 0x0000000100000000)
  eden space 33280K, 0% used [0x00000000d5f80000,0x00000000d5f80000,0x00000000d8000000)
  from space 5120K, 99% used [0x00000000d8500000,0x00000000d89fe618,0x00000000d8a00000)
  to   space 5120K, 0% used [0x00000000d8000000,0x00000000d8000000,0x00000000d8500000)
 ParOldGen       total 61440K, used 4525K [0x0000000081e00000, 0x0000000085a00000, 0x00000000d5f80000)
  object space 61440K, 7% used [0x0000000081e00000,0x000000008226b788,0x0000000085a00000)
 Metaspace       used 17070K, capacity 17298K, committed 17664K, reserved 1069056K
  class space    used 2077K, capacity 2201K, committed 2304K, reserved 1048576K
}
Event: 1.590 GC heap before
{Heap before GC invocations=4 (full 1):
 PSYoungGen      total 38400K, used 28019K [0x00000000d5f80000, 0x00000000d8a00000, 0x0000000100000000)
  eden space 33280K, 68% used [0x00000000d5f80000,0x00000000d75de9d8,0x00000000d8000000)
  from space 5120K, 99% used [0x00000000d8500000,0x00000000d89fe618,0x00000000d8a00000)
  to   space 5120K, 0% used [0x00000000d8000000,0x00000000d8000000,0x00000000d8500000)
 ParOldGen       total 61440K, used 4525K [0x0000000081e00000, 0x0000000085a00000, 0x00000000d5f80000)
  object space 61440K, 7% used [0x0000000081e00000,0x000000008226b788,0x0000000085a00000)
 Metaspace       used 20824K, capacity 21112K, committed 21296K, reserved 1073152K
  class space    used 2552K, capacity 2656K, committed 2688K, reserved 1048576K
Event: 1.597 GC heap after
Heap after GC invocations=4 (full 1):
 PSYoungGen      total 38400K, used 5088K [0x00000000d5f80000, 0x00000000d8a00000, 0x0000000100000000)
  eden space 33280K, 0% used [0x00000000d5f80000,0x00000000d5f80000,0x00000000d8000000)
  from space 5120K, 99% used [0x00000000d8000000,0x00000000d84f8360,0x00000000d8500000)
  to   space 5120K, 0% used [0x00000000d8500000,0x00000000d8500000,0x00000000d8a00000)
 ParOldGen       total 61440K, used 8103K [0x0000000081e00000, 0x0000000085a00000, 0x00000000d5f80000)
  object space 61440K, 13% used [0x0000000081e00000,0x00000000825e9d88,0x0000000085a00000)
 Metaspace       used 20824K, capacity 21112K, committed 21296K, reserved 1073152K
  class space    used 2552K, capacity 2656K, committed 2688K, reserved 1048576K
}
Event: 1.597 GC heap before
{Heap before GC invocations=5 (full 2):
 PSYoungGen      total 38400K, used 5088K [0x00000000d5f80000, 0x00000000d8a00000, 0x0000000100000000)
  eden space 33280K, 0% used [0x00000000d5f80000,0x00000000d5f80000,0x00000000d8000000)
  from space 5120K, 99% used [0x00000000d8000000,0x00000000d84f8360,0x00000000d8500000)
  to   space 5120K, 0% used [0x00000000d8500000,0x00000000d8500000,0x00000000d8a00000)
 ParOldGen       total 61440K, used 8103K [0x0000000081e00000, 0x0000000085a00000, 0x00000000d5f80000)
  object space 61440K, 13% used [0x0000000081e00000,0x00000000825e9d88,0x0000000085a00000)
 Metaspace       used 20824K, capacity 21112K, committed 21296K, reserved 1073152K
  class space    used 2552K, capacity 2656K, committed 2688K, reserved 1048576K
Event: 1.617 GC heap after
Heap after GC invocations=5 (full 2):
 PSYoungGen      total 38400K, used 0K [0x00000000d5f80000, 0x00000000d8a00000, 0x0000000100000000)
  eden space 33280K, 0% used [0x00000000d5f80000,0x00000000d5f80000,0x00000000d8000000)
  from space 5120K, 0% used [0x00000000d8000000,0x00000000d8000000,0x00000000d8500000)
  to   space 5120K, 0% used [0x00000000d8500000,0x00000000d8500000,0x00000000d8a00000)
 ParOldGen       total 61440K, used 9051K [0x0000000081e00000, 0x0000000085a00000, 0x00000000d5f80000)
  object space 61440K, 14% used [0x0000000081e00000,0x00000000826d6e88,0x0000000085a00000)
 Metaspace       used 20824K, capacity 21112K, committed 21296K, reserved 1073152K
  class space    used 2552K, capacity 2656K, committed 2688K, reserved 1048576K
}

